<?xml version="1.0" encoding="utf-8"?><testsuites name="pytest tests"><testsuite name="pytest" errors="0" failures="0" skipped="0" tests="21" time="6.199" timestamp="2026-07-01T19:38:07.361467+00:00" hostname="agent-env-73766e08-8627-41e4-936d-b5b676a05cfc"><testcase classname="backend.tests.backend_test" name="test_admin_login" time="0.649" /><testcase classname="backend.tests.backend_test" name="test_register_customer" time="0.321" /><testcase classname="backend.tests.backend_test" name="test_auth_me" time="0.100" /><testcase classname="backend.tests.backend_test" name="test_auth_me_no_token" time="0.095" /><testcase classname="backend.tests.backend_test" name="test_list_services" time="0.097" /><testcase classname="backend.tests.backend_test" name="test_availability" time="0.103" /><testcase classname="backend.tests.backend_test" name="test_create_booking" time="0.101" /><testcase classname="backend.tests.backend_test" name="test_booking_conflict" time="0.101" /><testcase classname="backend.tests.backend_test" name="test_my_bookings" time="0.101" /><testcase classname="backend.tests.backend_test" name="test_join_waitlist" time="0.102" /><testcase classname="backend.tests.backend_test" name="test_my_waitlist" time="0.111" /><testcase classname="backend.tests.backend_test" name="test_admin_bookings" time="0.108" /><testcase classname="backend.tests.backend_test" name="test_admin_bookings_forbidden_for_customer" time="0.188" /><testcase classname="backend.tests.backend_test" name="test_admin_clients_list" time="0.102" /><testcase classname="backend.tests.backend_test" name="test_admin_clients_search" time="0.103" /><testcase classname="backend.tests.backend_test" name="test_admin_toggle_must_pay" time="0.202" /><testcase classname="backend.tests.backend_test" name="test_admin_create_service" time="0.105" /><testcase classname="backend.tests.backend_test" name="test_admin_create_service_forbidden" time="0.100" /><testcase classname="backend.tests.backend_test" name="test_waitlist_notify_on_admin_cancel" time="2.313" /><testcase classname="backend.tests.backend_test" name="test_blacklist_blocks_login_and_booking" time="0.488" /><testcase classname="backend.tests.backend_test" name="test_payment_intent" time="0.527" /></testsuite></testsuites>